<?xml version="1.0" encoding="UTF-8"?>
<!-- Generated by org.testng.reporters.JUnitReportReporter -->
<testsuite hostname="DESKTOP-K0RI74M" failures="0" tests="2" name="scipts.Testcase1" time="144.628" errors="0" timestamp="2022-09-12T00:17:18 IST" skipped="0">
  <testcase classname="scipts.Testcase1" name="tc1" time="72.237"/>
  <system-out/>
  <testcase classname="scipts.Testcase1" name="tc1" time="72.391"/>
  <system-out/>
</testsuite> <!-- scipts.Testcase1 -->
