<?xml version="1.0" encoding="UTF-8"?>
<!-- Generated by org.testng.reporters.JUnitReportReporter -->
<testsuite hostname="DESKTOP-K0RI74M" failures="0" tests="2" name="scipts.Testcase2" time="47.077" errors="0" timestamp="2022-09-12T00:17:18 IST" skipped="0">
  <testcase classname="scipts.Testcase2" name="tc2" time="23.306"/>
  <system-out/>
  <testcase classname="scipts.Testcase2" name="tc2" time="23.771"/>
  <system-out/>
</testsuite> <!-- scipts.Testcase2 -->
