<?xml version="1.0" encoding="UTF-8"?>
<!-- Generated by org.testng.reporters.JUnitReportReporter -->
<testsuite hostname="DESKTOP-K0RI74M" failures="0" tests="1" name="scipts.Testcase2" time="16.137" errors="0" timestamp="2022-09-11T23:47:17 IST" skipped="0">
  <testcase classname="scipts.Testcase2" name="tc2" time="16.137"/>
  <system-out/>
</testsuite> <!-- scipts.Testcase2 -->
